<?xml version="1.0" encoding="UTF-8"?>
<!-- Generated by org.testng.reporters.JUnitReportReporter -->
<testsuite hostname="DESKTOP-PSPSVDJ" failures="0" tests="3" name="TestRunner.TestRunner" time="18.849" errors="0" timestamp="2023-02-24T15:27:41 EST" skipped="0">
  <testcase classname="TestRunner.TestRunner" name="runScenario" time="9.276"/>
  <system-out/>
  <testcase classname="TestRunner.TestRunner" name="runScenario" time="4.739"/>
  <system-out/>
  <testcase classname="TestRunner.TestRunner" name="runScenario" time="4.834"/>
  <system-out/>
</testsuite> <!-- TestRunner.TestRunner -->
