<?xml version="1.0" encoding="UTF-8"?>
<!-- Generated by org.testng.reporters.JUnitReportReporter -->
<testsuite hostname="DESKTOP-PSPSVDJ" failures="0" tests="2" name="TestRunner.TestRunner" time="10.410" errors="0" timestamp="2023-02-24T12:53:52 EST" skipped="0">
  <testcase classname="TestRunner.TestRunner" name="runScenario" time="5.062"/>
  <system-out/>
  <testcase classname="TestRunner.TestRunner" name="runScenario" time="5.348"/>
  <system-out/>
</testsuite> <!-- TestRunner.TestRunner -->
