<?xml version="1.0" encoding="UTF-8"?>
<!-- Generated by org.testng.reporters.JUnitReportReporter -->
<testsuite hostname="DESKTOP-PSPSVDJ" failures="0" tests="2" name="TestRunner.TestRunner" time="0.100" errors="0" timestamp="2023-02-23T12:00:21 EST" skipped="0">
  <testcase classname="TestRunner.TestRunner" name="runScenario" time="0.094"/>
  <system-out/>
  <testcase classname="TestRunner.TestRunner" name="runScenario" time="0.006"/>
  <system-out/>
</testsuite> <!-- TestRunner.TestRunner -->
